[2025-01-13 14:36:56] laravel.EMERGENCY: Unable to create configured logger. Using emergency logger. {"exception":"[object] (Error(code: 0): Class \"Illuminate\\Support\\Collection\" not found at /home/ailemiz/public_html/front.ailemiz.az/vendor/laravel/framework/src/Illuminate/Support/helpers.php:110)
[stacktrace]
#0 /home/ailemiz/public_html/front.ailemiz.az/vendor/laravel/framework/src/Illuminate/Log/LogManager.php(240): collect(Array)
#1 /home/ailemiz/public_html/front.ailemiz.az/vendor/laravel/framework/src/Illuminate/Log/LogManager.php(202): Illuminate\\Log\\LogManager->createStackDriver(Array)
#2 /home/ailemiz/public_html/front.ailemiz.az/vendor/laravel/framework/src/Illuminate/Log/LogManager.php(118): Illuminate\\Log\\LogManager->resolve('stack')
#3 /home/ailemiz/public_html/front.ailemiz.az/vendor/laravel/framework/src/Illuminate/Log/LogManager.php(98): Illuminate\\Log\\LogManager->get('stack')
#4 /home/ailemiz/public_html/front.ailemiz.az/vendor/laravel/framework/src/Illuminate/Log/LogManager.php(543): Illuminate\\Log\\LogManager->driver()
#5 /home/ailemiz/public_html/front.ailemiz.az/vendor/laravel/framework/src/Illuminate/Foundation/Exceptions/Handler.php(118): Illuminate\\Log\\LogManager->error('During inherita...', Array)
#6 /home/ailemiz/public_html/front.ailemiz.az/app/Exceptions/Handler.php(39): Illuminate\\Foundation\\Exceptions\\Handler->report(Object(Symfony\\Component\\ErrorHandler\\Error\\FatalError))
#7 /home/ailemiz/public_html/front.ailemiz.az/vendor/laravel/framework/src/Illuminate/Foundation/Bootstrap/HandleExceptions.php(88): App\\Exceptions\\Handler->report(Object(Symfony\\Component\\ErrorHandler\\Error\\FatalError))
#8 /home/ailemiz/public_html/front.ailemiz.az/vendor/laravel/framework/src/Illuminate/Foundation/Bootstrap/HandleExceptions.php(130): Illuminate\\Foundation\\Bootstrap\\HandleExceptions->handleException(Object(Symfony\\Component\\ErrorHandler\\Error\\FatalError))
#9 [internal function]: Illuminate\\Foundation\\Bootstrap\\HandleExceptions->handleShutdown()
#10 {main}
"} 
[2025-01-13 14:36:56] laravel.ERROR: During inheritance of ArrayAccess: Uncaught ErrorException: Return type of Illuminate\Support\Collection::offsetExists($key) should either be compatible with ArrayAccess::offsetExists(mixed $offset): bool, or the #[\ReturnTypeWillChange] attribute should be used to temporarily suppress the notice in /home/ailemiz/public_html/front.ailemiz.az/vendor/laravel/framework/src/Illuminate/Support/Collection.php:1349
Stack trace:
#0 /home/ailemiz/public_html/front.ailemiz.az/vendor/laravel/framework/src/Illuminate/Support/Collection.php(11): Illuminate\Foundation\Bootstrap\HandleExceptions->handleError(8192, 'Return type of ...', '/home/ailemiz/p...', 1349)
#1 /home/ailemiz/public_html/front.ailemiz.az/vendor/composer/ClassLoader.php(576): include('/home/ailemiz/p...')
#2 /home/ailemiz/public_html/front.ailemiz.az/vendor/composer/ClassLoader.php(427): Composer\Autoload\{closure}('/home/ailemiz/p...')
#3 /home/ailemiz/public_html/front.ailemiz.az/vendor/laravel/framework/src/Illuminate/Support/helpers.php(110): Composer\Autoload\ClassLoader->loadClass('Illuminate\\Supp...')
#4 /home/ailemiz/public_html/front.ailemiz.az/vendor/laravel/framework/src/Illuminate/Foundation/PackageManifest.php(89): collect(Array)
#5 /home/ailemiz/public_html/front.ailemiz.az/vendor/laravel/framework/src/Illuminate/Foundation/PackageManifest.php(78): Illuminate\Foundation\PackageManifest->config('aliases')
#6 /home/ailemiz/public_html/front.ailemiz.az/vendor/laravel/framework/src/Illuminate/Foundation/Bootstrap/RegisterFacades.php(26): Illuminate\Foundation\PackageManifest->aliases()
#7 /home/ailemiz/public_html/front.ailemiz.az/vendor/laravel/framework/src/Illuminate/Foundation/Application.php(230): Illuminate\Foundation\Bootstrap\RegisterFacades->bootstrap(Object(Illuminate\Foundation\Application))
#8 /home/ailemiz/public_html/front.ailemiz.az/vendor/laravel/framework/src/Illuminate/Foundation/Console/Kernel.php(310): Illuminate\Foundation\Application->bootstrapWith(Array)
#9 /home/ailemiz/public_html/front.ailemiz.az/vendor/laravel/framework/src/Illuminate/Foundation/Console/Kernel.php(127): Illuminate\Foundation\Console\Kernel->bootstrap()
#10 /home/ailemiz/public_html/front.ailemiz.az/artisan(35): Illuminate\Foundation\Console\Kernel->handle(Object(Symfony\Component\Console\Input\ArgvInput), Object(Symfony\Component\Console\Output\ConsoleOutput))
#11 {main} {"exception":"[object] (Symfony\\Component\\ErrorHandler\\Error\\FatalError(code: 0): During inheritance of ArrayAccess: Uncaught ErrorException: Return type of Illuminate\\Support\\Collection::offsetExists($key) should either be compatible with ArrayAccess::offsetExists(mixed $offset): bool, or the #[\\ReturnTypeWillChange] attribute should be used to temporarily suppress the notice in /home/ailemiz/public_html/front.ailemiz.az/vendor/laravel/framework/src/Illuminate/Support/Collection.php:1349
Stack trace:
#0 /home/ailemiz/public_html/front.ailemiz.az/vendor/laravel/framework/src/Illuminate/Support/Collection.php(11): Illuminate\\Foundation\\Bootstrap\\HandleExceptions->handleError(8192, 'Return type of ...', '/home/ailemiz/p...', 1349)
#1 /home/ailemiz/public_html/front.ailemiz.az/vendor/composer/ClassLoader.php(576): include('/home/ailemiz/p...')
#2 /home/ailemiz/public_html/front.ailemiz.az/vendor/composer/ClassLoader.php(427): Composer\\Autoload\\{closure}('/home/ailemiz/p...')
#3 /home/ailemiz/public_html/front.ailemiz.az/vendor/laravel/framework/src/Illuminate/Support/helpers.php(110): Composer\\Autoload\\ClassLoader->loadClass('Illuminate\\\\Supp...')
#4 /home/ailemiz/public_html/front.ailemiz.az/vendor/laravel/framework/src/Illuminate/Foundation/PackageManifest.php(89): collect(Array)
#5 /home/ailemiz/public_html/front.ailemiz.az/vendor/laravel/framework/src/Illuminate/Foundation/PackageManifest.php(78): Illuminate\\Foundation\\PackageManifest->config('aliases')
#6 /home/ailemiz/public_html/front.ailemiz.az/vendor/laravel/framework/src/Illuminate/Foundation/Bootstrap/RegisterFacades.php(26): Illuminate\\Foundation\\PackageManifest->aliases()
#7 /home/ailemiz/public_html/front.ailemiz.az/vendor/laravel/framework/src/Illuminate/Foundation/Application.php(230): Illuminate\\Foundation\\Bootstrap\\RegisterFacades->bootstrap(Object(Illuminate\\Foundation\\Application))
#8 /home/ailemiz/public_html/front.ailemiz.az/vendor/laravel/framework/src/Illuminate/Foundation/Console/Kernel.php(310): Illuminate\\Foundation\\Application->bootstrapWith(Array)
#9 /home/ailemiz/public_html/front.ailemiz.az/vendor/laravel/framework/src/Illuminate/Foundation/Console/Kernel.php(127): Illuminate\\Foundation\\Console\\Kernel->bootstrap()
#10 /home/ailemiz/public_html/front.ailemiz.az/artisan(35): Illuminate\\Foundation\\Console\\Kernel->handle(Object(Symfony\\Component\\Console\\Input\\ArgvInput), Object(Symfony\\Component\\Console\\Output\\ConsoleOutput))
#11 {main} at /home/ailemiz/public_html/front.ailemiz.az/vendor/laravel/framework/src/Illuminate/Support/Collection.php:11)
[stacktrace]
#0 {main}
"} 
[2025-01-13 14:37:26] laravel.EMERGENCY: Unable to create configured logger. Using emergency logger. {"exception":"[object] (Error(code: 0): Class \"Illuminate\\Support\\Collection\" not found at /home/ailemiz/public_html/front.ailemiz.az/vendor/laravel/framework/src/Illuminate/Support/helpers.php:110)
[stacktrace]
#0 /home/ailemiz/public_html/front.ailemiz.az/vendor/laravel/framework/src/Illuminate/Log/LogManager.php(240): collect(Array)
#1 /home/ailemiz/public_html/front.ailemiz.az/vendor/laravel/framework/src/Illuminate/Log/LogManager.php(202): Illuminate\\Log\\LogManager->createStackDriver(Array)
#2 /home/ailemiz/public_html/front.ailemiz.az/vendor/laravel/framework/src/Illuminate/Log/LogManager.php(118): Illuminate\\Log\\LogManager->resolve('stack')
#3 /home/ailemiz/public_html/front.ailemiz.az/vendor/laravel/framework/src/Illuminate/Log/LogManager.php(98): Illuminate\\Log\\LogManager->get('stack')
#4 /home/ailemiz/public_html/front.ailemiz.az/vendor/laravel/framework/src/Illuminate/Log/LogManager.php(543): Illuminate\\Log\\LogManager->driver()
#5 /home/ailemiz/public_html/front.ailemiz.az/vendor/laravel/framework/src/Illuminate/Foundation/Exceptions/Handler.php(118): Illuminate\\Log\\LogManager->error('During inherita...', Array)
#6 /home/ailemiz/public_html/front.ailemiz.az/app/Exceptions/Handler.php(39): Illuminate\\Foundation\\Exceptions\\Handler->report(Object(Symfony\\Component\\ErrorHandler\\Error\\FatalError))
#7 /home/ailemiz/public_html/front.ailemiz.az/vendor/laravel/framework/src/Illuminate/Foundation/Bootstrap/HandleExceptions.php(88): App\\Exceptions\\Handler->report(Object(Symfony\\Component\\ErrorHandler\\Error\\FatalError))
#8 /home/ailemiz/public_html/front.ailemiz.az/vendor/laravel/framework/src/Illuminate/Foundation/Bootstrap/HandleExceptions.php(130): Illuminate\\Foundation\\Bootstrap\\HandleExceptions->handleException(Object(Symfony\\Component\\ErrorHandler\\Error\\FatalError))
#9 [internal function]: Illuminate\\Foundation\\Bootstrap\\HandleExceptions->handleShutdown()
#10 {main}
"} 
[2025-01-13 14:37:26] laravel.ERROR: During inheritance of ArrayAccess: Uncaught ErrorException: Return type of Illuminate\Support\Collection::offsetExists($key) should either be compatible with ArrayAccess::offsetExists(mixed $offset): bool, or the #[\ReturnTypeWillChange] attribute should be used to temporarily suppress the notice in /home/ailemiz/public_html/front.ailemiz.az/vendor/laravel/framework/src/Illuminate/Support/Collection.php:1349
Stack trace:
#0 /home/ailemiz/public_html/front.ailemiz.az/vendor/laravel/framework/src/Illuminate/Support/Collection.php(11): Illuminate\Foundation\Bootstrap\HandleExceptions->handleError(8192, 'Return type of ...', '/home/ailemiz/p...', 1349)
#1 /home/ailemiz/public_html/front.ailemiz.az/vendor/composer/ClassLoader.php(576): include('/home/ailemiz/p...')
#2 /home/ailemiz/public_html/front.ailemiz.az/vendor/composer/ClassLoader.php(427): Composer\Autoload\{closure}('/home/ailemiz/p...')
#3 /home/ailemiz/public_html/front.ailemiz.az/vendor/laravel/framework/src/Illuminate/Support/helpers.php(110): Composer\Autoload\ClassLoader->loadClass('Illuminate\\Supp...')
#4 /home/ailemiz/public_html/front.ailemiz.az/vendor/laravel/framework/src/Illuminate/Foundation/PackageManifest.php(89): collect(Array)
#5 /home/ailemiz/public_html/front.ailemiz.az/vendor/laravel/framework/src/Illuminate/Foundation/PackageManifest.php(78): Illuminate\Foundation\PackageManifest->config('aliases')
#6 /home/ailemiz/public_html/front.ailemiz.az/vendor/laravel/framework/src/Illuminate/Foundation/Bootstrap/RegisterFacades.php(26): Illuminate\Foundation\PackageManifest->aliases()
#7 /home/ailemiz/public_html/front.ailemiz.az/vendor/laravel/framework/src/Illuminate/Foundation/Application.php(230): Illuminate\Foundation\Bootstrap\RegisterFacades->bootstrap(Object(Illuminate\Foundation\Application))
#8 /home/ailemiz/public_html/front.ailemiz.az/vendor/laravel/framework/src/Illuminate/Foundation/Http/Kernel.php(151): Illuminate\Foundation\Application->bootstrapWith(Array)
#9 /home/ailemiz/public_html/front.ailemiz.az/vendor/laravel/framework/src/Illuminate/Foundation/Http/Kernel.php(135): Illuminate\Foundation\Http\Kernel->bootstrap()
#10 /home/ailemiz/public_html/front.ailemiz.az/vendor/laravel/framework/src/Illuminate/Foundation/Http/Kernel.php(109): Illuminate\Foundation\Http\Kernel->sendRequestThroughRouter(Object(Illuminate\Http\Request))
#11 /home/ailemiz/public_html/front.ailemiz.az/public/index.php(54): Illuminate\Foundation\Http\Kernel->handle(Object(Illuminate\Http\Request))
#12 {main} {"exception":"[object] (Symfony\\Component\\ErrorHandler\\Error\\FatalError(code: 0): During inheritance of ArrayAccess: Uncaught ErrorException: Return type of Illuminate\\Support\\Collection::offsetExists($key) should either be compatible with ArrayAccess::offsetExists(mixed $offset): bool, or the #[\\ReturnTypeWillChange] attribute should be used to temporarily suppress the notice in /home/ailemiz/public_html/front.ailemiz.az/vendor/laravel/framework/src/Illuminate/Support/Collection.php:1349
Stack trace:
#0 /home/ailemiz/public_html/front.ailemiz.az/vendor/laravel/framework/src/Illuminate/Support/Collection.php(11): Illuminate\\Foundation\\Bootstrap\\HandleExceptions->handleError(8192, 'Return type of ...', '/home/ailemiz/p...', 1349)
#1 /home/ailemiz/public_html/front.ailemiz.az/vendor/composer/ClassLoader.php(576): include('/home/ailemiz/p...')
#2 /home/ailemiz/public_html/front.ailemiz.az/vendor/composer/ClassLoader.php(427): Composer\\Autoload\\{closure}('/home/ailemiz/p...')
#3 /home/ailemiz/public_html/front.ailemiz.az/vendor/laravel/framework/src/Illuminate/Support/helpers.php(110): Composer\\Autoload\\ClassLoader->loadClass('Illuminate\\\\Supp...')
#4 /home/ailemiz/public_html/front.ailemiz.az/vendor/laravel/framework/src/Illuminate/Foundation/PackageManifest.php(89): collect(Array)
#5 /home/ailemiz/public_html/front.ailemiz.az/vendor/laravel/framework/src/Illuminate/Foundation/PackageManifest.php(78): Illuminate\\Foundation\\PackageManifest->config('aliases')
#6 /home/ailemiz/public_html/front.ailemiz.az/vendor/laravel/framework/src/Illuminate/Foundation/Bootstrap/RegisterFacades.php(26): Illuminate\\Foundation\\PackageManifest->aliases()
#7 /home/ailemiz/public_html/front.ailemiz.az/vendor/laravel/framework/src/Illuminate/Foundation/Application.php(230): Illuminate\\Foundation\\Bootstrap\\RegisterFacades->bootstrap(Object(Illuminate\\Foundation\\Application))
#8 /home/ailemiz/public_html/front.ailemiz.az/vendor/laravel/framework/src/Illuminate/Foundation/Http/Kernel.php(151): Illuminate\\Foundation\\Application->bootstrapWith(Array)
#9 /home/ailemiz/public_html/front.ailemiz.az/vendor/laravel/framework/src/Illuminate/Foundation/Http/Kernel.php(135): Illuminate\\Foundation\\Http\\Kernel->bootstrap()
#10 /home/ailemiz/public_html/front.ailemiz.az/vendor/laravel/framework/src/Illuminate/Foundation/Http/Kernel.php(109): Illuminate\\Foundation\\Http\\Kernel->sendRequestThroughRouter(Object(Illuminate\\Http\\Request))
#11 /home/ailemiz/public_html/front.ailemiz.az/public/index.php(54): Illuminate\\Foundation\\Http\\Kernel->handle(Object(Illuminate\\Http\\Request))
#12 {main} at /home/ailemiz/public_html/front.ailemiz.az/vendor/laravel/framework/src/Illuminate/Support/Collection.php:11)
[stacktrace]
#0 {main}
"} 
[2025-01-13 14:38:11] laravel.EMERGENCY: Unable to create configured logger. Using emergency logger. {"exception":"[object] (Error(code: 0): Class \"Illuminate\\Support\\Collection\" not found at /home/ailemiz/public_html/front.ailemiz.az/vendor/laravel/framework/src/Illuminate/Support/helpers.php:110)
[stacktrace]
#0 /home/ailemiz/public_html/front.ailemiz.az/vendor/laravel/framework/src/Illuminate/Log/LogManager.php(240): collect(Array)
#1 /home/ailemiz/public_html/front.ailemiz.az/vendor/laravel/framework/src/Illuminate/Log/LogManager.php(202): Illuminate\\Log\\LogManager->createStackDriver(Array)
#2 /home/ailemiz/public_html/front.ailemiz.az/vendor/laravel/framework/src/Illuminate/Log/LogManager.php(118): Illuminate\\Log\\LogManager->resolve('stack')
#3 /home/ailemiz/public_html/front.ailemiz.az/vendor/laravel/framework/src/Illuminate/Log/LogManager.php(98): Illuminate\\Log\\LogManager->get('stack')
#4 /home/ailemiz/public_html/front.ailemiz.az/vendor/laravel/framework/src/Illuminate/Log/LogManager.php(543): Illuminate\\Log\\LogManager->driver()
#5 /home/ailemiz/public_html/front.ailemiz.az/vendor/laravel/framework/src/Illuminate/Foundation/Exceptions/Handler.php(118): Illuminate\\Log\\LogManager->error('During inherita...', Array)
#6 /home/ailemiz/public_html/front.ailemiz.az/app/Exceptions/Handler.php(39): Illuminate\\Foundation\\Exceptions\\Handler->report(Object(Symfony\\Component\\ErrorHandler\\Error\\FatalError))
#7 /home/ailemiz/public_html/front.ailemiz.az/vendor/laravel/framework/src/Illuminate/Foundation/Bootstrap/HandleExceptions.php(88): App\\Exceptions\\Handler->report(Object(Symfony\\Component\\ErrorHandler\\Error\\FatalError))
#8 /home/ailemiz/public_html/front.ailemiz.az/vendor/laravel/framework/src/Illuminate/Foundation/Bootstrap/HandleExceptions.php(130): Illuminate\\Foundation\\Bootstrap\\HandleExceptions->handleException(Object(Symfony\\Component\\ErrorHandler\\Error\\FatalError))
#9 [internal function]: Illuminate\\Foundation\\Bootstrap\\HandleExceptions->handleShutdown()
#10 {main}
"} 
[2025-01-13 14:38:11] laravel.ERROR: During inheritance of ArrayAccess: Uncaught ErrorException: Return type of Illuminate\Support\Collection::offsetExists($key) should either be compatible with ArrayAccess::offsetExists(mixed $offset): bool, or the #[\ReturnTypeWillChange] attribute should be used to temporarily suppress the notice in /home/ailemiz/public_html/front.ailemiz.az/vendor/laravel/framework/src/Illuminate/Support/Collection.php:1349
Stack trace:
#0 /home/ailemiz/public_html/front.ailemiz.az/vendor/laravel/framework/src/Illuminate/Support/Collection.php(11): Illuminate\Foundation\Bootstrap\HandleExceptions->handleError(8192, 'Return type of ...', '/home/ailemiz/p...', 1349)
#1 /home/ailemiz/public_html/front.ailemiz.az/vendor/composer/ClassLoader.php(576): include('/home/ailemiz/p...')
#2 /home/ailemiz/public_html/front.ailemiz.az/vendor/composer/ClassLoader.php(427): Composer\Autoload\{closure}('/home/ailemiz/p...')
#3 /home/ailemiz/public_html/front.ailemiz.az/vendor/laravel/framework/src/Illuminate/Support/helpers.php(110): Composer\Autoload\ClassLoader->loadClass('Illuminate\\Supp...')
#4 /home/ailemiz/public_html/front.ailemiz.az/vendor/laravel/framework/src/Illuminate/Foundation/PackageManifest.php(89): collect(Array)
#5 /home/ailemiz/public_html/front.ailemiz.az/vendor/laravel/framework/src/Illuminate/Foundation/PackageManifest.php(78): Illuminate\Foundation\PackageManifest->config('aliases')
#6 /home/ailemiz/public_html/front.ailemiz.az/vendor/laravel/framework/src/Illuminate/Foundation/Bootstrap/RegisterFacades.php(26): Illuminate\Foundation\PackageManifest->aliases()
#7 /home/ailemiz/public_html/front.ailemiz.az/vendor/laravel/framework/src/Illuminate/Foundation/Application.php(230): Illuminate\Foundation\Bootstrap\RegisterFacades->bootstrap(Object(Illuminate\Foundation\Application))
#8 /home/ailemiz/public_html/front.ailemiz.az/vendor/laravel/framework/src/Illuminate/Foundation/Http/Kernel.php(151): Illuminate\Foundation\Application->bootstrapWith(Array)
#9 /home/ailemiz/public_html/front.ailemiz.az/vendor/laravel/framework/src/Illuminate/Foundation/Http/Kernel.php(135): Illuminate\Foundation\Http\Kernel->bootstrap()
#10 /home/ailemiz/public_html/front.ailemiz.az/vendor/laravel/framework/src/Illuminate/Foundation/Http/Kernel.php(109): Illuminate\Foundation\Http\Kernel->sendRequestThroughRouter(Object(Illuminate\Http\Request))
#11 /home/ailemiz/public_html/front.ailemiz.az/public/index.php(54): Illuminate\Foundation\Http\Kernel->handle(Object(Illuminate\Http\Request))
#12 {main} {"exception":"[object] (Symfony\\Component\\ErrorHandler\\Error\\FatalError(code: 0): During inheritance of ArrayAccess: Uncaught ErrorException: Return type of Illuminate\\Support\\Collection::offsetExists($key) should either be compatible with ArrayAccess::offsetExists(mixed $offset): bool, or the #[\\ReturnTypeWillChange] attribute should be used to temporarily suppress the notice in /home/ailemiz/public_html/front.ailemiz.az/vendor/laravel/framework/src/Illuminate/Support/Collection.php:1349
Stack trace:
#0 /home/ailemiz/public_html/front.ailemiz.az/vendor/laravel/framework/src/Illuminate/Support/Collection.php(11): Illuminate\\Foundation\\Bootstrap\\HandleExceptions->handleError(8192, 'Return type of ...', '/home/ailemiz/p...', 1349)
#1 /home/ailemiz/public_html/front.ailemiz.az/vendor/composer/ClassLoader.php(576): include('/home/ailemiz/p...')
#2 /home/ailemiz/public_html/front.ailemiz.az/vendor/composer/ClassLoader.php(427): Composer\\Autoload\\{closure}('/home/ailemiz/p...')
#3 /home/ailemiz/public_html/front.ailemiz.az/vendor/laravel/framework/src/Illuminate/Support/helpers.php(110): Composer\\Autoload\\ClassLoader->loadClass('Illuminate\\\\Supp...')
#4 /home/ailemiz/public_html/front.ailemiz.az/vendor/laravel/framework/src/Illuminate/Foundation/PackageManifest.php(89): collect(Array)
#5 /home/ailemiz/public_html/front.ailemiz.az/vendor/laravel/framework/src/Illuminate/Foundation/PackageManifest.php(78): Illuminate\\Foundation\\PackageManifest->config('aliases')
#6 /home/ailemiz/public_html/front.ailemiz.az/vendor/laravel/framework/src/Illuminate/Foundation/Bootstrap/RegisterFacades.php(26): Illuminate\\Foundation\\PackageManifest->aliases()
#7 /home/ailemiz/public_html/front.ailemiz.az/vendor/laravel/framework/src/Illuminate/Foundation/Application.php(230): Illuminate\\Foundation\\Bootstrap\\RegisterFacades->bootstrap(Object(Illuminate\\Foundation\\Application))
#8 /home/ailemiz/public_html/front.ailemiz.az/vendor/laravel/framework/src/Illuminate/Foundation/Http/Kernel.php(151): Illuminate\\Foundation\\Application->bootstrapWith(Array)
#9 /home/ailemiz/public_html/front.ailemiz.az/vendor/laravel/framework/src/Illuminate/Foundation/Http/Kernel.php(135): Illuminate\\Foundation\\Http\\Kernel->bootstrap()
#10 /home/ailemiz/public_html/front.ailemiz.az/vendor/laravel/framework/src/Illuminate/Foundation/Http/Kernel.php(109): Illuminate\\Foundation\\Http\\Kernel->sendRequestThroughRouter(Object(Illuminate\\Http\\Request))
#11 /home/ailemiz/public_html/front.ailemiz.az/public/index.php(54): Illuminate\\Foundation\\Http\\Kernel->handle(Object(Illuminate\\Http\\Request))
#12 {main} at /home/ailemiz/public_html/front.ailemiz.az/vendor/laravel/framework/src/Illuminate/Support/Collection.php:11)
[stacktrace]
#0 {main}
"} 
[2025-01-13 14:38:13] laravel.EMERGENCY: Unable to create configured logger. Using emergency logger. {"exception":"[object] (Error(code: 0): Class \"Illuminate\\Support\\Collection\" not found at /home/ailemiz/public_html/front.ailemiz.az/vendor/laravel/framework/src/Illuminate/Support/helpers.php:110)
[stacktrace]
#0 /home/ailemiz/public_html/front.ailemiz.az/vendor/laravel/framework/src/Illuminate/Log/LogManager.php(240): collect(Array)
#1 /home/ailemiz/public_html/front.ailemiz.az/vendor/laravel/framework/src/Illuminate/Log/LogManager.php(202): Illuminate\\Log\\LogManager->createStackDriver(Array)
#2 /home/ailemiz/public_html/front.ailemiz.az/vendor/laravel/framework/src/Illuminate/Log/LogManager.php(118): Illuminate\\Log\\LogManager->resolve('stack')
#3 /home/ailemiz/public_html/front.ailemiz.az/vendor/laravel/framework/src/Illuminate/Log/LogManager.php(98): Illuminate\\Log\\LogManager->get('stack')
#4 /home/ailemiz/public_html/front.ailemiz.az/vendor/laravel/framework/src/Illuminate/Log/LogManager.php(543): Illuminate\\Log\\LogManager->driver()
#5 /home/ailemiz/public_html/front.ailemiz.az/vendor/laravel/framework/src/Illuminate/Foundation/Exceptions/Handler.php(118): Illuminate\\Log\\LogManager->error('During inherita...', Array)
#6 /home/ailemiz/public_html/front.ailemiz.az/app/Exceptions/Handler.php(39): Illuminate\\Foundation\\Exceptions\\Handler->report(Object(Symfony\\Component\\ErrorHandler\\Error\\FatalError))
#7 /home/ailemiz/public_html/front.ailemiz.az/vendor/laravel/framework/src/Illuminate/Foundation/Bootstrap/HandleExceptions.php(88): App\\Exceptions\\Handler->report(Object(Symfony\\Component\\ErrorHandler\\Error\\FatalError))
#8 /home/ailemiz/public_html/front.ailemiz.az/vendor/laravel/framework/src/Illuminate/Foundation/Bootstrap/HandleExceptions.php(130): Illuminate\\Foundation\\Bootstrap\\HandleExceptions->handleException(Object(Symfony\\Component\\ErrorHandler\\Error\\FatalError))
#9 [internal function]: Illuminate\\Foundation\\Bootstrap\\HandleExceptions->handleShutdown()
#10 {main}
"} 
[2025-01-13 14:38:13] laravel.ERROR: During inheritance of ArrayAccess: Uncaught ErrorException: Return type of Illuminate\Support\Collection::offsetExists($key) should either be compatible with ArrayAccess::offsetExists(mixed $offset): bool, or the #[\ReturnTypeWillChange] attribute should be used to temporarily suppress the notice in /home/ailemiz/public_html/front.ailemiz.az/vendor/laravel/framework/src/Illuminate/Support/Collection.php:1349
Stack trace:
#0 /home/ailemiz/public_html/front.ailemiz.az/vendor/laravel/framework/src/Illuminate/Support/Collection.php(11): Illuminate\Foundation\Bootstrap\HandleExceptions->handleError(8192, 'Return type of ...', '/home/ailemiz/p...', 1349)
#1 /home/ailemiz/public_html/front.ailemiz.az/vendor/composer/ClassLoader.php(576): include('/home/ailemiz/p...')
#2 /home/ailemiz/public_html/front.ailemiz.az/vendor/composer/ClassLoader.php(427): Composer\Autoload\{closure}('/home/ailemiz/p...')
#3 /home/ailemiz/public_html/front.ailemiz.az/vendor/laravel/framework/src/Illuminate/Support/helpers.php(110): Composer\Autoload\ClassLoader->loadClass('Illuminate\\Supp...')
#4 /home/ailemiz/public_html/front.ailemiz.az/vendor/laravel/framework/src/Illuminate/Foundation/PackageManifest.php(89): collect(Array)
#5 /home/ailemiz/public_html/front.ailemiz.az/vendor/laravel/framework/src/Illuminate/Foundation/PackageManifest.php(78): Illuminate\Foundation\PackageManifest->config('aliases')
#6 /home/ailemiz/public_html/front.ailemiz.az/vendor/laravel/framework/src/Illuminate/Foundation/Bootstrap/RegisterFacades.php(26): Illuminate\Foundation\PackageManifest->aliases()
#7 /home/ailemiz/public_html/front.ailemiz.az/vendor/laravel/framework/src/Illuminate/Foundation/Application.php(230): Illuminate\Foundation\Bootstrap\RegisterFacades->bootstrap(Object(Illuminate\Foundation\Application))
#8 /home/ailemiz/public_html/front.ailemiz.az/vendor/laravel/framework/src/Illuminate/Foundation/Http/Kernel.php(151): Illuminate\Foundation\Application->bootstrapWith(Array)
#9 /home/ailemiz/public_html/front.ailemiz.az/vendor/laravel/framework/src/Illuminate/Foundation/Http/Kernel.php(135): Illuminate\Foundation\Http\Kernel->bootstrap()
#10 /home/ailemiz/public_html/front.ailemiz.az/vendor/laravel/framework/src/Illuminate/Foundation/Http/Kernel.php(109): Illuminate\Foundation\Http\Kernel->sendRequestThroughRouter(Object(Illuminate\Http\Request))
#11 /home/ailemiz/public_html/front.ailemiz.az/public/index.php(54): Illuminate\Foundation\Http\Kernel->handle(Object(Illuminate\Http\Request))
#12 {main} {"exception":"[object] (Symfony\\Component\\ErrorHandler\\Error\\FatalError(code: 0): During inheritance of ArrayAccess: Uncaught ErrorException: Return type of Illuminate\\Support\\Collection::offsetExists($key) should either be compatible with ArrayAccess::offsetExists(mixed $offset): bool, or the #[\\ReturnTypeWillChange] attribute should be used to temporarily suppress the notice in /home/ailemiz/public_html/front.ailemiz.az/vendor/laravel/framework/src/Illuminate/Support/Collection.php:1349
Stack trace:
#0 /home/ailemiz/public_html/front.ailemiz.az/vendor/laravel/framework/src/Illuminate/Support/Collection.php(11): Illuminate\\Foundation\\Bootstrap\\HandleExceptions->handleError(8192, 'Return type of ...', '/home/ailemiz/p...', 1349)
#1 /home/ailemiz/public_html/front.ailemiz.az/vendor/composer/ClassLoader.php(576): include('/home/ailemiz/p...')
#2 /home/ailemiz/public_html/front.ailemiz.az/vendor/composer/ClassLoader.php(427): Composer\\Autoload\\{closure}('/home/ailemiz/p...')
#3 /home/ailemiz/public_html/front.ailemiz.az/vendor/laravel/framework/src/Illuminate/Support/helpers.php(110): Composer\\Autoload\\ClassLoader->loadClass('Illuminate\\\\Supp...')
#4 /home/ailemiz/public_html/front.ailemiz.az/vendor/laravel/framework/src/Illuminate/Foundation/PackageManifest.php(89): collect(Array)
#5 /home/ailemiz/public_html/front.ailemiz.az/vendor/laravel/framework/src/Illuminate/Foundation/PackageManifest.php(78): Illuminate\\Foundation\\PackageManifest->config('aliases')
#6 /home/ailemiz/public_html/front.ailemiz.az/vendor/laravel/framework/src/Illuminate/Foundation/Bootstrap/RegisterFacades.php(26): Illuminate\\Foundation\\PackageManifest->aliases()
#7 /home/ailemiz/public_html/front.ailemiz.az/vendor/laravel/framework/src/Illuminate/Foundation/Application.php(230): Illuminate\\Foundation\\Bootstrap\\RegisterFacades->bootstrap(Object(Illuminate\\Foundation\\Application))
#8 /home/ailemiz/public_html/front.ailemiz.az/vendor/laravel/framework/src/Illuminate/Foundation/Http/Kernel.php(151): Illuminate\\Foundation\\Application->bootstrapWith(Array)
#9 /home/ailemiz/public_html/front.ailemiz.az/vendor/laravel/framework/src/Illuminate/Foundation/Http/Kernel.php(135): Illuminate\\Foundation\\Http\\Kernel->bootstrap()
#10 /home/ailemiz/public_html/front.ailemiz.az/vendor/laravel/framework/src/Illuminate/Foundation/Http/Kernel.php(109): Illuminate\\Foundation\\Http\\Kernel->sendRequestThroughRouter(Object(Illuminate\\Http\\Request))
#11 /home/ailemiz/public_html/front.ailemiz.az/public/index.php(54): Illuminate\\Foundation\\Http\\Kernel->handle(Object(Illuminate\\Http\\Request))
#12 {main} at /home/ailemiz/public_html/front.ailemiz.az/vendor/laravel/framework/src/Illuminate/Support/Collection.php:11)
[stacktrace]
#0 {main}
"} 
[2025-01-13 14:38:14] laravel.EMERGENCY: Unable to create configured logger. Using emergency logger. {"exception":"[object] (Error(code: 0): Class \"Illuminate\\Support\\Collection\" not found at /home/ailemiz/public_html/front.ailemiz.az/vendor/laravel/framework/src/Illuminate/Support/helpers.php:110)
[stacktrace]
#0 /home/ailemiz/public_html/front.ailemiz.az/vendor/laravel/framework/src/Illuminate/Log/LogManager.php(240): collect(Array)
#1 /home/ailemiz/public_html/front.ailemiz.az/vendor/laravel/framework/src/Illuminate/Log/LogManager.php(202): Illuminate\\Log\\LogManager->createStackDriver(Array)
#2 /home/ailemiz/public_html/front.ailemiz.az/vendor/laravel/framework/src/Illuminate/Log/LogManager.php(118): Illuminate\\Log\\LogManager->resolve('stack')
#3 /home/ailemiz/public_html/front.ailemiz.az/vendor/laravel/framework/src/Illuminate/Log/LogManager.php(98): Illuminate\\Log\\LogManager->get('stack')
#4 /home/ailemiz/public_html/front.ailemiz.az/vendor/laravel/framework/src/Illuminate/Log/LogManager.php(543): Illuminate\\Log\\LogManager->driver()
#5 /home/ailemiz/public_html/front.ailemiz.az/vendor/laravel/framework/src/Illuminate/Foundation/Exceptions/Handler.php(118): Illuminate\\Log\\LogManager->error('During inherita...', Array)
#6 /home/ailemiz/public_html/front.ailemiz.az/app/Exceptions/Handler.php(39): Illuminate\\Foundation\\Exceptions\\Handler->report(Object(Symfony\\Component\\ErrorHandler\\Error\\FatalError))
#7 /home/ailemiz/public_html/front.ailemiz.az/vendor/laravel/framework/src/Illuminate/Foundation/Bootstrap/HandleExceptions.php(88): App\\Exceptions\\Handler->report(Object(Symfony\\Component\\ErrorHandler\\Error\\FatalError))
#8 /home/ailemiz/public_html/front.ailemiz.az/vendor/laravel/framework/src/Illuminate/Foundation/Bootstrap/HandleExceptions.php(130): Illuminate\\Foundation\\Bootstrap\\HandleExceptions->handleException(Object(Symfony\\Component\\ErrorHandler\\Error\\FatalError))
#9 [internal function]: Illuminate\\Foundation\\Bootstrap\\HandleExceptions->handleShutdown()
#10 {main}
"} 
[2025-01-13 14:38:14] laravel.ERROR: During inheritance of ArrayAccess: Uncaught ErrorException: Return type of Illuminate\Support\Collection::offsetExists($key) should either be compatible with ArrayAccess::offsetExists(mixed $offset): bool, or the #[\ReturnTypeWillChange] attribute should be used to temporarily suppress the notice in /home/ailemiz/public_html/front.ailemiz.az/vendor/laravel/framework/src/Illuminate/Support/Collection.php:1349
Stack trace:
#0 /home/ailemiz/public_html/front.ailemiz.az/vendor/laravel/framework/src/Illuminate/Support/Collection.php(11): Illuminate\Foundation\Bootstrap\HandleExceptions->handleError(8192, 'Return type of ...', '/home/ailemiz/p...', 1349)
#1 /home/ailemiz/public_html/front.ailemiz.az/vendor/composer/ClassLoader.php(576): include('/home/ailemiz/p...')
#2 /home/ailemiz/public_html/front.ailemiz.az/vendor/composer/ClassLoader.php(427): Composer\Autoload\{closure}('/home/ailemiz/p...')
#3 /home/ailemiz/public_html/front.ailemiz.az/vendor/laravel/framework/src/Illuminate/Support/helpers.php(110): Composer\Autoload\ClassLoader->loadClass('Illuminate\\Supp...')
#4 /home/ailemiz/public_html/front.ailemiz.az/vendor/laravel/framework/src/Illuminate/Foundation/PackageManifest.php(89): collect(Array)
#5 /home/ailemiz/public_html/front.ailemiz.az/vendor/laravel/framework/src/Illuminate/Foundation/PackageManifest.php(78): Illuminate\Foundation\PackageManifest->config('aliases')
#6 /home/ailemiz/public_html/front.ailemiz.az/vendor/laravel/framework/src/Illuminate/Foundation/Bootstrap/RegisterFacades.php(26): Illuminate\Foundation\PackageManifest->aliases()
#7 /home/ailemiz/public_html/front.ailemiz.az/vendor/laravel/framework/src/Illuminate/Foundation/Application.php(230): Illuminate\Foundation\Bootstrap\RegisterFacades->bootstrap(Object(Illuminate\Foundation\Application))
#8 /home/ailemiz/public_html/front.ailemiz.az/vendor/laravel/framework/src/Illuminate/Foundation/Http/Kernel.php(151): Illuminate\Foundation\Application->bootstrapWith(Array)
#9 /home/ailemiz/public_html/front.ailemiz.az/vendor/laravel/framework/src/Illuminate/Foundation/Http/Kernel.php(135): Illuminate\Foundation\Http\Kernel->bootstrap()
#10 /home/ailemiz/public_html/front.ailemiz.az/vendor/laravel/framework/src/Illuminate/Foundation/Http/Kernel.php(109): Illuminate\Foundation\Http\Kernel->sendRequestThroughRouter(Object(Illuminate\Http\Request))
#11 /home/ailemiz/public_html/front.ailemiz.az/public/index.php(54): Illuminate\Foundation\Http\Kernel->handle(Object(Illuminate\Http\Request))
#12 {main} {"exception":"[object] (Symfony\\Component\\ErrorHandler\\Error\\FatalError(code: 0): During inheritance of ArrayAccess: Uncaught ErrorException: Return type of Illuminate\\Support\\Collection::offsetExists($key) should either be compatible with ArrayAccess::offsetExists(mixed $offset): bool, or the #[\\ReturnTypeWillChange] attribute should be used to temporarily suppress the notice in /home/ailemiz/public_html/front.ailemiz.az/vendor/laravel/framework/src/Illuminate/Support/Collection.php:1349
Stack trace:
#0 /home/ailemiz/public_html/front.ailemiz.az/vendor/laravel/framework/src/Illuminate/Support/Collection.php(11): Illuminate\\Foundation\\Bootstrap\\HandleExceptions->handleError(8192, 'Return type of ...', '/home/ailemiz/p...', 1349)
#1 /home/ailemiz/public_html/front.ailemiz.az/vendor/composer/ClassLoader.php(576): include('/home/ailemiz/p...')
#2 /home/ailemiz/public_html/front.ailemiz.az/vendor/composer/ClassLoader.php(427): Composer\\Autoload\\{closure}('/home/ailemiz/p...')
#3 /home/ailemiz/public_html/front.ailemiz.az/vendor/laravel/framework/src/Illuminate/Support/helpers.php(110): Composer\\Autoload\\ClassLoader->loadClass('Illuminate\\\\Supp...')
#4 /home/ailemiz/public_html/front.ailemiz.az/vendor/laravel/framework/src/Illuminate/Foundation/PackageManifest.php(89): collect(Array)
#5 /home/ailemiz/public_html/front.ailemiz.az/vendor/laravel/framework/src/Illuminate/Foundation/PackageManifest.php(78): Illuminate\\Foundation\\PackageManifest->config('aliases')
#6 /home/ailemiz/public_html/front.ailemiz.az/vendor/laravel/framework/src/Illuminate/Foundation/Bootstrap/RegisterFacades.php(26): Illuminate\\Foundation\\PackageManifest->aliases()
#7 /home/ailemiz/public_html/front.ailemiz.az/vendor/laravel/framework/src/Illuminate/Foundation/Application.php(230): Illuminate\\Foundation\\Bootstrap\\RegisterFacades->bootstrap(Object(Illuminate\\Foundation\\Application))
#8 /home/ailemiz/public_html/front.ailemiz.az/vendor/laravel/framework/src/Illuminate/Foundation/Http/Kernel.php(151): Illuminate\\Foundation\\Application->bootstrapWith(Array)
#9 /home/ailemiz/public_html/front.ailemiz.az/vendor/laravel/framework/src/Illuminate/Foundation/Http/Kernel.php(135): Illuminate\\Foundation\\Http\\Kernel->bootstrap()
#10 /home/ailemiz/public_html/front.ailemiz.az/vendor/laravel/framework/src/Illuminate/Foundation/Http/Kernel.php(109): Illuminate\\Foundation\\Http\\Kernel->sendRequestThroughRouter(Object(Illuminate\\Http\\Request))
#11 /home/ailemiz/public_html/front.ailemiz.az/public/index.php(54): Illuminate\\Foundation\\Http\\Kernel->handle(Object(Illuminate\\Http\\Request))
#12 {main} at /home/ailemiz/public_html/front.ailemiz.az/vendor/laravel/framework/src/Illuminate/Support/Collection.php:11)
[stacktrace]
#0 {main}
"} 
